<?xml version="1.0" encoding="UTF-8"?>
<!-- Generated by org.testng.reporters.JUnitReportReporter -->
<testsuite hostname="INBOOK_X1_SLIM" failures="0" tests="2" name="genral.NormalJava" time="12.589" errors="0" timestamp="2023-04-15T23:53:14 IST" skipped="0">
  <testcase classname="genral.NormalJava" name="demo" time="5.533"/>
  <system-out/>
  <testcase classname="genral.NormalJava" name="demo" time="7.056"/>
  <system-out/>
</testsuite> <!-- genral.NormalJava -->
