<?xml version="1.0" encoding="UTF-8"?>
<!-- Generated by org.testng.reporters.JUnitReportReporter -->
<testsuite hostname="INBOOK_X1_SLIM" failures="0" tests="1" name="genral.Normal" time="11.776" errors="0" timestamp="2023-04-16T02:03:08 IST" skipped="0">
  <testcase classname="genral.Normal" name="demo" time="11.776"/>
  <system-out/>
</testsuite> <!-- genral.Normal -->
