<?xml version="1.0" encoding="UTF-8"?>
<!-- Generated by org.testng.reporters.JUnitReportReporter -->
<testsuite hostname="INBOOK_X1_SLIM" failures="0" tests="1" name="genral.PropertyFile" time="0.044" errors="0" timestamp="2023-04-16T13:46:25 IST" skipped="0">
  <testcase classname="genral.PropertyFile" name="demo" time="0.044"/>
  <system-out/>
</testsuite> <!-- genral.PropertyFile -->
