<?xml version="1.0" encoding="UTF-8"?>
<!-- Generated by org.testng.reporters.JUnitReportReporter -->
<testsuite hostname="INBOOK_X1_SLIM" failures="0" tests="1" name="genral.Normal" time="9.961" errors="0" timestamp="2023-04-15T13:16:44 IST" skipped="0">
  <testcase classname="genral.Normal" name="demo" time="9.961"/>
  <system-out/>
</testsuite> <!-- genral.Normal -->
