<?xml version="1.0" encoding="UTF-8"?>
<!-- Generated by org.testng.reporters.JUnitReportReporter -->
<testsuite hostname="INBOOK_X1_SLIM" failures="0" tests="1" name="genral.BrokenLink" time="88.752" errors="0" timestamp="2023-04-16T13:55:48 IST" skipped="0">
  <testcase classname="genral.BrokenLink" name="broken" time="88.752"/>
  <system-out/>
</testsuite> <!-- genral.BrokenLink -->
