<?xml version="1.0" encoding="UTF-8"?>
<!-- Generated by org.testng.reporters.JUnitReportReporter -->
<testsuite hostname="INBOOK_X1_SLIM" failures="0" tests="4" name="genral.NormalTest" time="0.014" errors="0" timestamp="2023-04-15T23:06:37 IST" skipped="0">
  <testcase classname="genral.NormalTest" name="demo" time="0.004"/>
  <system-out/>
  <testcase classname="genral.NormalTest" name="demo" time="0.002"/>
  <system-out/>
  <testcase classname="genral.NormalTest" name="demo" time="0.001"/>
  <system-out/>
  <testcase classname="genral.NormalTest" name="demo" time="0.007"/>
  <system-out/>
</testsuite> <!-- genral.NormalTest -->
