<?xml version="1.0" encoding="UTF-8"?>
<!-- Generated by org.testng.reporters.JUnitReportReporter -->
<testsuite hostname="INBOOK_X1_SLIM" failures="0" tests="1" name="genral.MultipledData" time="0.534" errors="0" timestamp="2023-04-15T23:15:01 IST" skipped="0">
  <testcase classname="genral.MultipledData" name="demo" time="0.534"/>
  <system-out/>
</testsuite> <!-- genral.MultipledData -->
